2022-04-16 19:09:07,667 [MainThread  ] [INFO ]  Output file (function values): FUN.NSGAII.ZDT1
2022-04-16 19:09:07,668 [MainThread  ] [INFO ]  Output file (variables): VAR.NSGAII.ZDT1
2022-04-16 19:11:29,082 [MainThread  ] [INFO ]  Output file (function values): FUN.NSGAII.ZDT1
2022-04-16 19:11:29,083 [MainThread  ] [INFO ]  Output file (variables): VAR.NSGAII.ZDT1
2022-04-16 19:14:03,588 [MainThread  ] [INFO ]  Output file (function values): FUN.NSGAII.CarlaProblem
2022-04-16 19:14:03,589 [MainThread  ] [INFO ]  Output file (variables): VAR.NSGAII.CarlaProblem
2022-04-16 19:25:10,263 [MainThread  ] [INFO ]  Output file (function values): FUN.NSGAII.CarlaProblem
2022-04-16 19:25:10,264 [MainThread  ] [INFO ]  Output file (variables): VAR.NSGAII.CarlaProblem
2022-04-16 19:36:57,270 [MainThread  ] [INFO ]  Output file (function values): FUN.NSGAII.CarlaProblem
2022-04-16 19:36:57,270 [MainThread  ] [INFO ]  Output file (variables): VAR.NSGAII.CarlaProblem
2022-04-16 19:39:26,701 [MainThread  ] [INFO ]  Output file (function values): FUN.NSGAII.CarlaProblem
2022-04-16 19:39:26,702 [MainThread  ] [INFO ]  Output file (variables): VAR.NSGAII.CarlaProblem
2022-04-16 19:43:55,906 [MainThread  ] [INFO ]  Output file (function values): FUN.NSGAII.CarlaProblem
2022-04-16 19:43:55,907 [MainThread  ] [INFO ]  Output file (variables): VAR.NSGAII.CarlaProblem
2022-04-16 19:48:54,554 [MainThread  ] [INFO ]  Output file (function values): FUN.NSGAII.CarlaProblem
2022-04-16 19:48:54,555 [MainThread  ] [INFO ]  Output file (variables): VAR.NSGAII.CarlaProblem
2022-04-16 19:51:29,832 [MainThread  ] [INFO ]  Output file (function values): FUN.NSGAII.LGSVLProblem
2022-04-16 19:51:29,833 [MainThread  ] [INFO ]  Output file (variables): VAR.NSGAII.LGSVLProblem
2022-04-16 23:22:43,245 [MainThread  ] [INFO ]  Output file (function values): FUN.NSGAII.LGSVLProblem
2022-04-16 23:22:43,247 [MainThread  ] [INFO ]  Output file (variables): VAR.NSGAII.LGSVLProblem
2022-04-17 01:00:12,095 [MainThread  ] [INFO ]  Output file (function values): FUN.NSGAII.LGSVLProblem
2022-04-17 01:00:12,096 [MainThread  ] [INFO ]  Output file (variables): VAR.NSGAII.LGSVLProblem
2022-04-17 04:40:31,638 [MainThread  ] [INFO ]  Output file (function values): FUN.NSGAII.LGSVLProblem
2022-04-17 04:40:31,640 [MainThread  ] [INFO ]  Output file (variables): VAR.NSGAII.LGSVLProblem
2022-04-17 09:23:14,396 [MainThread  ] [INFO ]  Output file (function values): FUN.NSGAII.LGSVLProblem
2022-04-17 09:23:14,397 [MainThread  ] [INFO ]  Output file (variables): VAR.NSGAII.LGSVLProblem
2022-04-17 10:08:18,975 [MainThread  ] [INFO ]  Output file (function values): FUN.NSGAII.LGSVLProblem
2022-04-17 10:08:18,975 [MainThread  ] [INFO ]  Output file (variables): VAR.NSGAII.LGSVLProblem
2022-04-17 10:16:39,420 [MainThread  ] [INFO ]  Output file (function values): FUN.NSGAII.LGSVLProblem
2022-04-17 10:16:39,421 [MainThread  ] [INFO ]  Output file (variables): VAR.NSGAII.LGSVLProblem
2022-04-17 11:31:37,469 [MainThread  ] [INFO ]  Output file (function values): FUN.NSGAII.LGSVLProblem
2022-04-17 11:31:37,470 [MainThread  ] [INFO ]  Output file (variables): VAR.NSGAII.LGSVLProblem
2022-04-17 12:20:38,786 [MainThread  ] [INFO ]  Output file (function values): FUN.NSGAII.LGSVLProblem
2022-04-17 12:20:38,787 [MainThread  ] [INFO ]  Output file (variables): VAR.NSGAII.LGSVLProblem
2022-04-17 14:09:32,311 [MainThread  ] [INFO ]  Output file (function values): FUN.NSGAII.LGSVLProblem
2022-04-17 14:09:32,312 [MainThread  ] [INFO ]  Output file (variables): VAR.NSGAII.LGSVLProblem
2022-04-17 19:24:28,874 [MainThread  ] [INFO ]  Output file (function values): FUN.NSGAII.LGSVLProblem
2022-04-17 19:24:28,875 [MainThread  ] [INFO ]  Output file (variables): VAR.NSGAII.LGSVLProblem
2022-04-17 19:32:21,453 [MainThread  ] [INFO ]  Output file (function values): FUN.NSGAII.LGSVLProblem
2022-04-17 19:32:21,454 [MainThread  ] [INFO ]  Output file (variables): VAR.NSGAII.LGSVLProblem
2022-04-17 20:28:00,763 [MainThread  ] [INFO ]  Output file (function values): FUN.NSGAII.LGSVLProblem
2022-04-17 20:28:00,764 [MainThread  ] [INFO ]  Output file (variables): VAR.NSGAII.LGSVLProblem
2022-04-17 21:08:00,841 [MainThread  ] [INFO ]  Output file (function values): FUN.NSGAII.LGSVLProblem
2022-04-17 21:08:00,842 [MainThread  ] [INFO ]  Output file (variables): VAR.NSGAII.LGSVLProblem
2022-04-29 18:21:36,107 [MainThread  ] [INFO ]  Output file (function values): FUN.NSGAIII.LGSVLProblem
2022-04-29 18:21:36,111 [MainThread  ] [INFO ]  Output file (variables): VAR.NSGAIII.LGSVLProblem
2022-04-29 19:22:27,409 [MainThread  ] [INFO ]  Output file (function values): FUN.NSGAIII.LGSVLProblem
2022-04-29 19:22:27,410 [MainThread  ] [INFO ]  Output file (variables): VAR.NSGAIII.LGSVLProblem
2022-04-29 19:45:02,652 [MainThread  ] [INFO ]  Output file (function values): FUN.NSGAIII.LGSVLProblem
2022-04-29 19:45:02,653 [MainThread  ] [INFO ]  Output file (variables): VAR.NSGAIII.LGSVLProblem
2022-04-29 21:14:41,095 [MainThread  ] [INFO ]  Output file (function values): FUN.NSGAIII.LGSVLProblem
2022-04-29 21:14:41,096 [MainThread  ] [INFO ]  Output file (variables): VAR.NSGAIII.LGSVLProblem
2022-04-30 00:36:23,294 [MainThread  ] [INFO ]  Output file (function values): FUN.NSGAIII.LGSVLProblem
2022-04-30 00:36:23,295 [MainThread  ] [INFO ]  Output file (variables): VAR.NSGAIII.LGSVLProblem
2022-04-30 09:14:48,392 [MainThread  ] [INFO ]  Output file (function values): FUN.NSGAIII.LGSVLProblem
2022-04-30 09:14:48,392 [MainThread  ] [INFO ]  Output file (variables): VAR.NSGAIII.LGSVLProblem
2022-04-30 09:17:29,333 [MainThread  ] [INFO ]  Output file (function values): FUN.NSGAIII.LGSVLProblem
2022-04-30 09:17:29,334 [MainThread  ] [INFO ]  Output file (variables): VAR.NSGAIII.LGSVLProblem
2022-04-30 11:51:02,364 [MainThread  ] [INFO ]  Output file (function values): FUN.NSGAIII.LGSVLProblem
2022-04-30 11:51:02,364 [MainThread  ] [INFO ]  Output file (variables): VAR.NSGAIII.LGSVLProblem
2022-04-30 12:26:03,553 [MainThread  ] [INFO ]  Output file (function values): FUN.NSGAIII.LGSVLProblem
2022-04-30 12:26:03,554 [MainThread  ] [INFO ]  Output file (variables): VAR.NSGAIII.LGSVLProblem
2022-04-30 12:35:53,291 [MainThread  ] [INFO ]  Output file (function values): FUN.NSGAIII.LGSVLProblem
2022-04-30 12:35:53,292 [MainThread  ] [INFO ]  Output file (variables): VAR.NSGAIII.LGSVLProblem
2022-04-30 12:45:25,128 [MainThread  ] [INFO ]  Output file (function values): FUN.NSGAIII.LGSVLProblem
2022-04-30 12:45:25,129 [MainThread  ] [INFO ]  Output file (variables): VAR.NSGAIII.LGSVLProblem
2022-04-30 14:37:02,051 [MainThread  ] [INFO ]  Output file (function values): FUN.NSGAIII.LGSVLProblem
2022-04-30 14:37:02,053 [MainThread  ] [INFO ]  Output file (variables): VAR.NSGAIII.LGSVLProblem
2022-04-30 14:58:10,372 [MainThread  ] [INFO ]  Output file (function values): FUN.NSGAIII.LGSVLProblem
2022-04-30 14:58:10,373 [MainThread  ] [INFO ]  Output file (variables): VAR.NSGAIII.LGSVLProblem
2022-04-30 15:44:59,086 [MainThread  ] [INFO ]  Output file (function values): FUN.NSGAIII.LGSVLProblem
2022-04-30 15:44:59,088 [MainThread  ] [INFO ]  Output file (variables): VAR.NSGAIII.LGSVLProblem
2022-04-30 17:32:05,885 [MainThread  ] [INFO ]  Output file (function values): FUN.NSGAIII.LGSVLProblem
2022-04-30 17:32:05,886 [MainThread  ] [INFO ]  Output file (variables): VAR.NSGAIII.LGSVLProblem
2022-04-30 19:24:34,566 [MainThread  ] [INFO ]  Output file (function values): FUN.NSGAIII.LGSVLProblem
2022-04-30 19:24:34,567 [MainThread  ] [INFO ]  Output file (variables): VAR.NSGAIII.LGSVLProblem
2022-04-30 20:51:00,174 [MainThread  ] [INFO ]  Output file (function values): FUN.NSGAIII.LGSVLProblem
2022-04-30 20:51:00,175 [MainThread  ] [INFO ]  Output file (variables): VAR.NSGAIII.LGSVLProblem
2022-04-30 20:53:40,930 [MainThread  ] [INFO ]  Output file (function values): FUN.NSGAIII.LGSVLProblem
2022-04-30 20:53:40,931 [MainThread  ] [INFO ]  Output file (variables): VAR.NSGAIII.LGSVLProblem
2022-04-30 21:26:16,547 [MainThread  ] [INFO ]  Output file (function values): FUN.NSGAIII.LGSVLProblem
2022-04-30 21:26:16,548 [MainThread  ] [INFO ]  Output file (variables): VAR.NSGAIII.LGSVLProblem
2022-04-30 22:58:13,287 [MainThread  ] [INFO ]  Output file (function values): FUN.NSGAIII.LGSVLProblem
2022-04-30 22:58:13,288 [MainThread  ] [INFO ]  Output file (variables): VAR.NSGAIII.LGSVLProblem
2022-04-30 23:09:55,347 [MainThread  ] [INFO ]  Output file (function values): FUN.NSGAIII.LGSVLProblem
2022-04-30 23:09:55,348 [MainThread  ] [INFO ]  Output file (variables): VAR.NSGAIII.LGSVLProblem
2022-04-30 23:40:24,967 [MainThread  ] [INFO ]  Output file (function values): FUN.NSGAIII.LGSVLProblem
2022-04-30 23:40:24,968 [MainThread  ] [INFO ]  Output file (variables): VAR.NSGAIII.LGSVLProblem
2022-05-01 00:05:20,445 [MainThread  ] [INFO ]  Output file (function values): FUN.NSGAIII.LGSVLProblem
2022-05-01 00:05:20,446 [MainThread  ] [INFO ]  Output file (variables): VAR.NSGAIII.LGSVLProblem
2022-05-01 01:55:33,318 [MainThread  ] [INFO ]  Output file (function values): FUN.NSGAIII.LGSVLProblem
2022-05-01 01:55:33,319 [MainThread  ] [INFO ]  Output file (variables): VAR.NSGAIII.LGSVLProblem
2022-05-01 11:45:14,121 [MainThread  ] [INFO ]  Output file (function values): FUN.NSGAIII.LGSVLProblem
2022-05-01 11:45:14,122 [MainThread  ] [INFO ]  Output file (variables): VAR.NSGAIII.LGSVLProblem
2022-05-01 12:28:01,935 [MainThread  ] [INFO ]  Output file (function values): FUN.SPEA2.LGSVLProblem
2022-05-01 12:28:01,936 [MainThread  ] [INFO ]  Output file (variables): VAR.SPEA2.LGSVLProblem
2022-05-01 13:12:37,613 [MainThread  ] [INFO ]  Output file (function values): FUN.SPEA2.LGSVLProblem
2022-05-01 13:12:37,614 [MainThread  ] [INFO ]  Output file (variables): VAR.SPEA2.LGSVLProblem
2022-05-01 15:05:21,263 [MainThread  ] [INFO ]  Output file (function values): FUN.SPEA2.LGSVLProblem
2022-05-01 15:05:21,263 [MainThread  ] [INFO ]  Output file (variables): VAR.SPEA2.LGSVLProblem
2022-05-01 18:40:29,615 [MainThread  ] [INFO ]  Output file (function values): FUN.SPEA2.LGSVLProblem
2022-05-01 18:40:29,615 [MainThread  ] [INFO ]  Output file (variables): VAR.SPEA2.LGSVLProblem
2022-05-01 19:01:36,325 [MainThread  ] [INFO ]  Output file (function values): FUN.SPEA2.LGSVLProblem
2022-05-01 19:01:36,326 [MainThread  ] [INFO ]  Output file (variables): VAR.SPEA2.LGSVLProblem
2022-05-01 20:06:17,096 [MainThread  ] [INFO ]  Output file (function values): FUN.SPEA2.LGSVLProblem
2022-05-01 20:06:17,097 [MainThread  ] [INFO ]  Output file (variables): VAR.SPEA2.LGSVLProblem
2022-05-01 21:09:37,841 [MainThread  ] [INFO ]  Output file (function values): FUN.SPEA2.LGSVLProblem
2022-05-01 21:09:37,842 [MainThread  ] [INFO ]  Output file (variables): VAR.SPEA2.LGSVLProblem
2022-05-01 21:21:35,044 [MainThread  ] [INFO ]  Output file (function values): FUN.SPEA2.LGSVLProblem
2022-05-01 21:21:35,045 [MainThread  ] [INFO ]  Output file (variables): VAR.SPEA2.LGSVLProblem
2022-05-01 23:33:46,728 [MainThread  ] [INFO ]  Output file (function values): FUN.SPEA2.LGSVLProblem
2022-05-01 23:33:46,729 [MainThread  ] [INFO ]  Output file (variables): VAR.SPEA2.LGSVLProblem
2022-05-02 02:12:24,479 [MainThread  ] [INFO ]  Output file (function values): FUN.SPEA2.LGSVLProblem
2022-05-02 02:12:24,480 [MainThread  ] [INFO ]  Output file (variables): VAR.SPEA2.LGSVLProblem
2022-05-02 11:41:55,145 [MainThread  ] [INFO ]  Output file (function values): FUN.SPEA2.LGSVLProblem
2022-05-02 11:41:55,146 [MainThread  ] [INFO ]  Output file (variables): VAR.SPEA2.LGSVLProblem
2022-05-02 13:17:07,732 [MainThread  ] [INFO ]  Output file (function values): FUN.SPEA2.LGSVLProblem
2022-05-02 13:17:07,733 [MainThread  ] [INFO ]  Output file (variables): VAR.SPEA2.LGSVLProblem
2022-05-02 15:13:30,688 [MainThread  ] [INFO ]  Output file (function values): FUN.SPEA2.LGSVLProblem
2022-05-02 15:13:30,689 [MainThread  ] [INFO ]  Output file (variables): VAR.SPEA2.LGSVLProblem
2022-05-02 15:14:57,757 [MainThread  ] [INFO ]  Output file (function values): FUN.SPEA2.LGSVLProblem
2022-05-02 15:14:57,758 [MainThread  ] [INFO ]  Output file (variables): VAR.SPEA2.LGSVLProblem
2022-05-02 15:35:23,341 [MainThread  ] [INFO ]  Output file (function values): FUN.SPEA2.LGSVLProblem
2022-05-02 15:35:23,341 [MainThread  ] [INFO ]  Output file (variables): VAR.SPEA2.LGSVLProblem
2022-05-02 15:37:13,943 [MainThread  ] [INFO ]  Output file (function values): FUN.SPEA2.LGSVLProblem
2022-05-02 15:37:13,944 [MainThread  ] [INFO ]  Output file (variables): VAR.SPEA2.LGSVLProblem
2022-05-02 15:38:11,019 [MainThread  ] [INFO ]  Output file (function values): FUN.SPEA2.LGSVLProblem
2022-05-02 15:38:11,020 [MainThread  ] [INFO ]  Output file (variables): VAR.SPEA2.LGSVLProblem
2022-05-02 15:38:19,244 [MainThread  ] [INFO ]  Output file (function values): FUN.SPEA2.LGSVLProblem
2022-05-02 15:38:19,245 [MainThread  ] [INFO ]  Output file (variables): VAR.SPEA2.LGSVLProblem
2022-05-02 15:39:58,741 [MainThread  ] [INFO ]  Output file (function values): FUN.SPEA2.LGSVLProblem
2022-05-02 15:39:58,742 [MainThread  ] [INFO ]  Output file (variables): VAR.SPEA2.LGSVLProblem
2022-05-02 16:26:32,739 [MainThread  ] [INFO ]  Output file (function values): FUN.SPEA2.LGSVLProblem
2022-05-02 16:26:32,740 [MainThread  ] [INFO ]  Output file (variables): VAR.SPEA2.LGSVLProblem
2022-05-06 06:38:46,612 [MainThread  ] [INFO ]  Output file (function values): FUN.NSGAII.LGSVLProblem
2022-05-06 06:38:46,613 [MainThread  ] [INFO ]  Output file (variables): VAR.NSGAII.LGSVLProblem
2022-05-13 15:23:04,196 [MainThread  ] [INFO ]  Output file (function values): FUN.NSGAII.LGSVLProblem
2022-05-13 15:23:04,197 [MainThread  ] [INFO ]  Output file (variables): VAR.NSGAII.LGSVLProblem
2022-05-15 12:35:47,665 [MainThread  ] [INFO ]  Output file (function values): FUN.NSGAII.LGSVLProblem
2022-05-15 12:35:47,666 [MainThread  ] [INFO ]  Output file (variables): VAR.NSGAII.LGSVLProblem
2022-05-16 15:24:19,446 [MainThread  ] [INFO ]  Output file (function values): FUN.NSGAII.LGSVLProblem
2022-05-16 15:24:19,447 [MainThread  ] [INFO ]  Output file (variables): VAR.NSGAII.LGSVLProblem
2022-05-16 16:39:14,701 [MainThread  ] [INFO ]  Output file (function values): FUN.NSGAII.LGSVLProblem
2022-05-16 16:39:14,702 [MainThread  ] [INFO ]  Output file (variables): VAR.NSGAII.LGSVLProblem
2022-05-17 02:35:06,815 [MainThread  ] [INFO ]  Output file (function values): FUN.NSGAII.LGSVLProblem
2022-05-17 02:35:06,815 [MainThread  ] [INFO ]  Output file (variables): VAR.NSGAII.LGSVLProblem
2022-05-17 11:16:09,946 [MainThread  ] [INFO ]  Output file (function values): FUN.NSGAII.LGSVLProblem
2022-05-17 11:16:09,947 [MainThread  ] [INFO ]  Output file (variables): VAR.NSGAII.LGSVLProblem
2022-05-17 12:12:48,432 [MainThread  ] [INFO ]  Output file (function values): FUN.NSGAII.LGSVLProblem
2022-05-17 12:12:48,433 [MainThread  ] [INFO ]  Output file (variables): VAR.NSGAII.LGSVLProblem
2022-05-17 15:01:29,931 [MainThread  ] [INFO ]  Output file (function values): FUN.NSGAII.LGSVLProblem
2022-05-17 15:01:29,932 [MainThread  ] [INFO ]  Output file (variables): VAR.NSGAII.LGSVLProblem
2022-05-18 06:30:35,439 [MainThread  ] [INFO ]  Output file (function values): FUN.NSGAII.LGSVLProblem
2022-05-18 06:30:35,440 [MainThread  ] [INFO ]  Output file (variables): VAR.NSGAII.LGSVLProblem
2022-05-19 00:04:50,389 [MainThread  ] [INFO ]  Output file (function values): FUN.NSGAII.LGSVLProblem
2022-05-19 00:04:50,390 [MainThread  ] [INFO ]  Output file (variables): VAR.NSGAII.LGSVLProblem
2022-05-19 17:42:09,254 [MainThread  ] [INFO ]  Output file (function values): FUN.NSGAII.LGSVLProblem
2022-05-19 17:42:09,255 [MainThread  ] [INFO ]  Output file (variables): VAR.NSGAII.LGSVLProblem
2022-05-19 20:42:54,717 [MainThread  ] [INFO ]  Output file (function values): FUN.NSGAII.LGSVLProblem
2022-05-19 20:42:54,718 [MainThread  ] [INFO ]  Output file (variables): VAR.NSGAII.LGSVLProblem
2022-05-19 20:52:40,439 [MainThread  ] [INFO ]  Output file (function values): FUN.NSGAII.LGSVLProblem
2022-05-19 20:52:40,440 [MainThread  ] [INFO ]  Output file (variables): VAR.NSGAII.LGSVLProblem
2022-05-20 00:25:27,485 [MainThread  ] [INFO ]  Output file (function values): FUN.NSGAII.LGSVLProblem
2022-05-20 00:25:27,487 [MainThread  ] [INFO ]  Output file (variables): VAR.NSGAII.LGSVLProblem
2022-05-20 13:34:32,354 [MainThread  ] [INFO ]  Output file (function values): FUN.NSGAII.LGSVLProblem
2022-05-20 13:34:32,355 [MainThread  ] [INFO ]  Output file (variables): VAR.NSGAII.LGSVLProblem
2022-05-20 17:56:29,833 [MainThread  ] [INFO ]  Output file (function values): FUN.NSGAII.LGSVLProblem
2022-05-20 17:56:29,835 [MainThread  ] [INFO ]  Output file (variables): VAR.NSGAII.LGSVLProblem
2022-05-21 08:20:50,706 [MainThread  ] [INFO ]  Output file (function values): FUN.NSGAII.LGSVLProblem
2022-05-21 08:20:50,706 [MainThread  ] [INFO ]  Output file (variables): VAR.NSGAII.LGSVLProblem
2022-05-21 15:25:44,715 [MainThread  ] [INFO ]  Output file (function values): FUN.NSGAII.LGSVLProblem
2022-05-21 15:25:44,716 [MainThread  ] [INFO ]  Output file (variables): VAR.NSGAII.LGSVLProblem
2022-05-21 23:48:39,786 [MainThread  ] [INFO ]  Output file (function values): FUN.NSGAII.LGSVLProblem
2022-05-21 23:48:39,787 [MainThread  ] [INFO ]  Output file (variables): VAR.NSGAII.LGSVLProblem
2022-05-22 14:05:42,079 [MainThread  ] [INFO ]  Output file (function values): FUN.NSGAII.LGSVLProblem
2022-05-22 14:05:42,080 [MainThread  ] [INFO ]  Output file (variables): VAR.NSGAII.LGSVLProblem
2022-05-22 14:32:44,734 [MainThread  ] [INFO ]  Output file (function values): FUN.NSGAII.LGSVLProblem
2022-05-22 14:32:44,734 [MainThread  ] [INFO ]  Output file (variables): VAR.NSGAII.LGSVLProblem
2022-05-22 20:41:47,369 [MainThread  ] [INFO ]  Output file (function values): FUN.NSGAII.LGSVLProblem
2022-05-22 20:41:47,370 [MainThread  ] [INFO ]  Output file (variables): VAR.NSGAII.LGSVLProblem
2022-05-22 22:30:05,443 [MainThread  ] [INFO ]  Output file (function values): FUN.NSGAII.LGSVLProblem
2022-05-22 22:30:05,444 [MainThread  ] [INFO ]  Output file (variables): VAR.NSGAII.LGSVLProblem
2022-05-22 23:00:00,754 [MainThread  ] [INFO ]  Output file (function values): FUN.NSGAII.LGSVLProblem
2022-05-22 23:00:00,754 [MainThread  ] [INFO ]  Output file (variables): VAR.NSGAII.LGSVLProblem
2022-05-23 00:09:00,191 [MainThread  ] [INFO ]  Output file (function values): FUN.NSGAII.LGSVLProblem
2022-05-23 00:09:00,192 [MainThread  ] [INFO ]  Output file (variables): VAR.NSGAII.LGSVLProblem
2022-05-23 12:30:47,922 [MainThread  ] [INFO ]  Output file (function values): FUN.NSGAII.LGSVLProblem
2022-05-23 12:30:47,923 [MainThread  ] [INFO ]  Output file (variables): VAR.NSGAII.LGSVLProblem
2022-05-23 17:33:06,562 [MainThread  ] [INFO ]  Output file (function values): FUN.NSGAII.LGSVLProblem
2022-05-23 17:33:06,563 [MainThread  ] [INFO ]  Output file (variables): VAR.NSGAII.LGSVLProblem
2022-05-23 18:08:17,202 [MainThread  ] [INFO ]  Output file (function values): FUN.Random Search.LGSVLProblem
2022-05-23 18:08:17,202 [MainThread  ] [INFO ]  Output file (variables): VAR.Random Search.LGSVLProblem
2022-05-23 20:56:45,764 [MainThread  ] [INFO ]  Output file (function values): FUN.Random Search.LGSVLProblem
2022-05-23 20:56:45,765 [MainThread  ] [INFO ]  Output file (variables): VAR.Random Search.LGSVLProblem
2022-05-23 22:00:33,408 [MainThread  ] [INFO ]  Output file (function values): FUN.Random Search.LGSVLProblem
2022-05-23 22:00:33,409 [MainThread  ] [INFO ]  Output file (variables): VAR.Random Search.LGSVLProblem
2022-05-24 09:51:26,916 [MainThread  ] [INFO ]  Output file (function values): FUN.Random Search.LGSVLProblem
2022-05-24 09:51:26,917 [MainThread  ] [INFO ]  Output file (variables): VAR.Random Search.LGSVLProblem
2022-05-24 11:24:31,257 [MainThread  ] [INFO ]  Output file (function values): FUN.Random Search.LGSVLProblem
2022-05-24 11:24:31,258 [MainThread  ] [INFO ]  Output file (variables): VAR.Random Search.LGSVLProblem
2022-05-24 13:43:22,943 [MainThread  ] [INFO ]  Output file (function values): FUN.Random Search.LGSVLProblem
2022-05-24 13:43:22,944 [MainThread  ] [INFO ]  Output file (variables): VAR.Random Search.LGSVLProblem
2022-05-24 15:26:11,033 [MainThread  ] [INFO ]  Output file (function values): FUN.Random Search.LGSVLProblem
2022-05-24 15:26:11,033 [MainThread  ] [INFO ]  Output file (variables): VAR.Random Search.LGSVLProblem
2022-05-24 18:25:14,904 [MainThread  ] [INFO ]  Output file (function values): FUN.Random Search.LGSVLProblem
2022-05-24 18:25:14,905 [MainThread  ] [INFO ]  Output file (variables): VAR.Random Search.LGSVLProblem
2022-05-24 18:29:01,505 [MainThread  ] [INFO ]  Output file (function values): FUN.Random Search.LGSVLProblem
2022-05-24 18:29:01,506 [MainThread  ] [INFO ]  Output file (variables): VAR.Random Search.LGSVLProblem
2022-05-25 09:28:42,887 [MainThread  ] [INFO ]  Output file (function values): FUN.Random Search.LGSVLProblem
2022-05-25 09:28:42,888 [MainThread  ] [INFO ]  Output file (variables): VAR.Random Search.LGSVLProblem
2022-05-25 09:32:59,572 [MainThread  ] [INFO ]  Output file (function values): FUN.Random Search.LGSVLProblem
2022-05-25 09:32:59,572 [MainThread  ] [INFO ]  Output file (variables): VAR.Random Search.LGSVLProblem
2022-05-25 10:11:48,873 [MainThread  ] [INFO ]  Output file (function values): FUN.Random Search.LGSVLProblem
2022-05-25 10:11:48,874 [MainThread  ] [INFO ]  Output file (variables): VAR.Random Search.LGSVLProblem
2022-05-25 10:19:44,861 [MainThread  ] [INFO ]  Output file (function values): FUN.Random Search.LGSVLProblem
2022-05-25 10:19:44,862 [MainThread  ] [INFO ]  Output file (variables): VAR.Random Search.LGSVLProblem
2022-05-25 10:34:08,203 [MainThread  ] [INFO ]  Output file (function values): FUN.Random Search.LGSVLProblem
2022-05-25 10:34:08,204 [MainThread  ] [INFO ]  Output file (variables): VAR.Random Search.LGSVLProblem
2022-05-26 08:28:34,981 [MainThread  ] [INFO ]  Output file (function values): FUN.Random Search.LGSVLProblem
2022-05-26 08:28:34,982 [MainThread  ] [INFO ]  Output file (variables): VAR.Random Search.LGSVLProblem
2022-05-26 08:47:48,082 [MainThread  ] [INFO ]  Output file (function values): FUN.Random Search.LGSVLProblem
2022-05-26 08:47:48,083 [MainThread  ] [INFO ]  Output file (variables): VAR.Random Search.LGSVLProblem
2022-05-29 10:02:47,899 [MainThread  ] [INFO ]  Output file (function values): FUN.NSGAII.LGSVLProblem
2022-05-29 10:02:47,900 [MainThread  ] [INFO ]  Output file (variables): VAR.NSGAII.LGSVLProblem
2022-05-29 18:54:01,336 [MainThread  ] [INFO ]  Output file (function values): FUN.NSGAII.LGSVLProblem
2022-05-29 18:54:01,336 [MainThread  ] [INFO ]  Output file (variables): VAR.NSGAII.LGSVLProblem
2022-05-29 19:32:35,551 [MainThread  ] [INFO ]  Output file (function values): FUN.NSGAII.LGSVLProblem
2022-05-29 19:32:35,553 [MainThread  ] [INFO ]  Output file (variables): VAR.NSGAII.LGSVLProblem
2022-05-29 20:10:56,228 [MainThread  ] [INFO ]  Output file (function values): FUN.NSGAII.LGSVLProblem
2022-05-29 20:10:56,229 [MainThread  ] [INFO ]  Output file (variables): VAR.NSGAII.LGSVLProblem
2022-05-30 01:19:18,085 [MainThread  ] [INFO ]  Output file (function values): FUN.NSGAII.LGSVLProblem
2022-05-30 01:19:18,087 [MainThread  ] [INFO ]  Output file (variables): VAR.NSGAII.LGSVLProblem
2022-05-30 08:42:10,479 [MainThread  ] [INFO ]  Output file (function values): FUN.NSGAII.LGSVLProblem
2022-05-30 08:42:10,480 [MainThread  ] [INFO ]  Output file (variables): VAR.NSGAII.LGSVLProblem
2022-05-30 09:21:57,163 [MainThread  ] [INFO ]  Output file (function values): FUN.NSGAII.LGSVLProblem
2022-05-30 09:21:57,164 [MainThread  ] [INFO ]  Output file (variables): VAR.NSGAII.LGSVLProblem
2022-05-30 10:27:58,831 [MainThread  ] [INFO ]  Output file (function values): FUN.NSGAII.LGSVLProblem
2022-05-30 10:27:58,832 [MainThread  ] [INFO ]  Output file (variables): VAR.NSGAII.LGSVLProblem
2022-05-30 10:33:21,420 [MainThread  ] [INFO ]  Output file (function values): FUN.NSGAII.LGSVLProblem
2022-05-30 10:33:21,420 [MainThread  ] [INFO ]  Output file (variables): VAR.NSGAII.LGSVLProblem
2022-05-30 11:53:04,218 [MainThread  ] [INFO ]  Output file (function values): FUN.NSGAII.LGSVLProblem
2022-05-30 11:53:04,219 [MainThread  ] [INFO ]  Output file (variables): VAR.NSGAII.LGSVLProblem
2022-05-31 02:50:35,294 [MainThread  ] [INFO ]  Output file (function values): FUN.NSGAII.LGSVLProblem
2022-05-31 02:50:35,294 [MainThread  ] [INFO ]  Output file (variables): VAR.NSGAII.LGSVLProblem
2022-05-31 09:32:00,512 [MainThread  ] [INFO ]  Output file (function values): FUN.NSGAII.LGSVLProblem
2022-05-31 09:32:00,512 [MainThread  ] [INFO ]  Output file (variables): VAR.NSGAII.LGSVLProblem
2022-05-31 18:32:57,931 [MainThread  ] [INFO ]  Output file (function values): FUN.NSGAII.LGSVLProblem
2022-05-31 18:32:57,932 [MainThread  ] [INFO ]  Output file (variables): VAR.NSGAII.LGSVLProblem
2022-05-31 19:31:11,612 [MainThread  ] [INFO ]  Output file (function values): FUN.NSGAII.LGSVLProblem
2022-05-31 19:31:11,613 [MainThread  ] [INFO ]  Output file (variables): VAR.NSGAII.LGSVLProblem
2022-06-01 00:31:20,234 [MainThread  ] [INFO ]  Output file (function values): FUN.NSGAII.LGSVLProblem
2022-06-01 00:31:20,234 [MainThread  ] [INFO ]  Output file (variables): VAR.NSGAII.LGSVLProblem
2022-06-01 08:54:42,355 [MainThread  ] [INFO ]  Output file (function values): FUN.NSGAII.LGSVLProblem
2022-06-01 08:54:42,356 [MainThread  ] [INFO ]  Output file (variables): VAR.NSGAII.LGSVLProblem
2022-06-01 11:07:06,012 [MainThread  ] [INFO ]  Output file (function values): FUN.NSGAII.LGSVLProblem
2022-06-01 11:07:06,013 [MainThread  ] [INFO ]  Output file (variables): VAR.NSGAII.LGSVLProblem
2022-06-01 11:11:21,144 [MainThread  ] [INFO ]  Output file (function values): FUN.NSGAII.LGSVLProblem
2022-06-01 11:11:21,144 [MainThread  ] [INFO ]  Output file (variables): VAR.NSGAII.LGSVLProblem
2022-06-01 11:48:17,864 [MainThread  ] [INFO ]  Output file (function values): FUN.NSGAII.LGSVLProblem
2022-06-01 11:48:17,865 [MainThread  ] [INFO ]  Output file (variables): VAR.NSGAII.LGSVLProblem
2022-06-01 18:37:55,766 [MainThread  ] [INFO ]  Output file (function values): FUN.NSGAII.LGSVLProblem
2022-06-01 18:37:55,767 [MainThread  ] [INFO ]  Output file (variables): VAR.NSGAII.LGSVLProblem
2022-06-02 07:32:40,638 [MainThread  ] [INFO ]  Output file (function values): FUN.NSGAII.LGSVLProblem
2022-06-02 07:32:40,639 [MainThread  ] [INFO ]  Output file (variables): VAR.NSGAII.LGSVLProblem
2022-06-02 09:53:05,299 [MainThread  ] [INFO ]  Output file (function values): FUN.NSGAII.LGSVLProblem
2022-06-02 09:53:05,300 [MainThread  ] [INFO ]  Output file (variables): VAR.NSGAII.LGSVLProblem
2022-06-02 10:44:40,888 [MainThread  ] [INFO ]  Output file (function values): FUN.NSGAII.LGSVLProblem
2022-06-02 10:44:40,889 [MainThread  ] [INFO ]  Output file (variables): VAR.NSGAII.LGSVLProblem
2022-06-02 10:54:12,679 [MainThread  ] [INFO ]  Output file (function values): FUN.NSGAII.LGSVLProblem
2022-06-02 10:54:12,680 [MainThread  ] [INFO ]  Output file (variables): VAR.NSGAII.LGSVLProblem
2022-06-02 19:33:40,104 [MainThread  ] [INFO ]  Output file (function values): FUN.NSGAII.LGSVLProblem
2022-06-02 19:33:40,105 [MainThread  ] [INFO ]  Output file (variables): VAR.NSGAII.LGSVLProblem
2022-06-02 19:40:11,890 [MainThread  ] [INFO ]  Output file (function values): FUN.NSGAII.LGSVLProblem
2022-06-02 19:40:11,891 [MainThread  ] [INFO ]  Output file (variables): VAR.NSGAII.LGSVLProblem
2022-06-02 19:53:32,846 [MainThread  ] [INFO ]  Output file (function values): FUN.NSGAII.LGSVLProblem
2022-06-02 19:53:32,847 [MainThread  ] [INFO ]  Output file (variables): VAR.NSGAII.LGSVLProblem
2022-06-02 19:56:39,809 [MainThread  ] [INFO ]  Output file (function values): FUN.NSGAII.LGSVLProblem
2022-06-02 19:56:39,810 [MainThread  ] [INFO ]  Output file (variables): VAR.NSGAII.LGSVLProblem
2022-06-02 19:59:59,159 [MainThread  ] [INFO ]  Output file (function values): FUN.NSGAII.LGSVLProblem
2022-06-02 19:59:59,160 [MainThread  ] [INFO ]  Output file (variables): VAR.NSGAII.LGSVLProblem
2022-06-02 20:06:18,091 [MainThread  ] [INFO ]  Output file (function values): FUN.NSGAII.LGSVLProblem
2022-06-02 20:06:18,092 [MainThread  ] [INFO ]  Output file (variables): VAR.NSGAII.LGSVLProblem
2022-06-02 20:15:18,067 [MainThread  ] [INFO ]  Output file (function values): FUN.NSGAII.LGSVLProblem
2022-06-02 20:15:18,067 [MainThread  ] [INFO ]  Output file (variables): VAR.NSGAII.LGSVLProblem
2022-06-02 20:31:31,140 [MainThread  ] [INFO ]  Output file (function values): FUN.NSGAII.LGSVLProblem
2022-06-02 20:31:31,141 [MainThread  ] [INFO ]  Output file (variables): VAR.NSGAII.LGSVLProblem
2022-06-02 20:46:16,188 [MainThread  ] [INFO ]  Output file (function values): FUN.NSGAII.LGSVLProblem
2022-06-02 20:46:16,189 [MainThread  ] [INFO ]  Output file (variables): VAR.NSGAII.LGSVLProblem
2022-06-03 02:40:01,777 [MainThread  ] [INFO ]  Output file (function values): FUN.NSGAII.LGSVLProblem
2022-06-03 02:40:01,778 [MainThread  ] [INFO ]  Output file (variables): VAR.NSGAII.LGSVLProblem
2022-06-03 21:22:58,409 [MainThread  ] [INFO ]  Output file (function values): FUN.NSGAII.LGSVLProblem
2022-06-03 21:22:58,410 [MainThread  ] [INFO ]  Output file (variables): VAR.NSGAII.LGSVLProblem
2022-06-04 11:59:03,730 [MainThread  ] [INFO ]  Output file (function values): FUN.NSGAII.LGSVLProblem
2022-06-04 11:59:03,731 [MainThread  ] [INFO ]  Output file (variables): VAR.NSGAII.LGSVLProblem
2022-06-04 18:27:08,466 [MainThread  ] [INFO ]  Output file (function values): FUN.NSGAII.LGSVLProblem
2022-06-04 18:27:08,467 [MainThread  ] [INFO ]  Output file (variables): VAR.NSGAII.LGSVLProblem
2022-06-05 02:54:02,146 [MainThread  ] [INFO ]  Output file (function values): FUN.NSGAII.LGSVLProblem
2022-06-05 02:54:02,147 [MainThread  ] [INFO ]  Output file (variables): VAR.NSGAII.LGSVLProblem
2022-06-05 10:16:26,149 [MainThread  ] [INFO ]  Output file (function values): FUN.NSGAII.LGSVLProblem
2022-06-05 10:16:26,150 [MainThread  ] [INFO ]  Output file (variables): VAR.NSGAII.LGSVLProblem
2022-06-06 00:10:21,666 [MainThread  ] [INFO ]  Output file (function values): FUN.NSGAII.LGSVLProblem
2022-06-06 00:10:21,666 [MainThread  ] [INFO ]  Output file (variables): VAR.NSGAII.LGSVLProblem
2022-06-06 11:50:27,616 [MainThread  ] [INFO ]  Output file (function values): FUN.NSGAII.LGSVLProblem
2022-06-06 11:50:27,617 [MainThread  ] [INFO ]  Output file (variables): VAR.NSGAII.LGSVLProblem
2022-06-06 18:35:32,630 [MainThread  ] [INFO ]  Output file (function values): FUN.NSGAII.LGSVLProblem
2022-06-06 18:35:32,631 [MainThread  ] [INFO ]  Output file (variables): VAR.NSGAII.LGSVLProblem
2022-06-07 07:58:18,315 [MainThread  ] [INFO ]  Output file (function values): FUN.NSGAII.LGSVLProblem
2022-06-07 07:58:18,316 [MainThread  ] [INFO ]  Output file (variables): VAR.NSGAII.LGSVLProblem
2022-06-07 10:34:20,017 [MainThread  ] [INFO ]  Output file (function values): FUN.NSGAII.LGSVLProblem
2022-06-07 10:34:20,018 [MainThread  ] [INFO ]  Output file (variables): VAR.NSGAII.LGSVLProblem
2022-06-07 13:27:58,824 [MainThread  ] [INFO ]  Output file (function values): FUN.NSGAII.LGSVLProblem
2022-06-07 13:27:58,825 [MainThread  ] [INFO ]  Output file (variables): VAR.NSGAII.LGSVLProblem
2022-06-07 15:16:16,112 [MainThread  ] [INFO ]  Output file (function values): FUN.NSGAII.LGSVLProblem
2022-06-07 15:16:16,113 [MainThread  ] [INFO ]  Output file (variables): VAR.NSGAII.LGSVLProblem
2022-06-07 15:22:19,163 [MainThread  ] [INFO ]  Output file (function values): FUN.NSGAII.LGSVLProblem
2022-06-07 15:22:19,164 [MainThread  ] [INFO ]  Output file (variables): VAR.NSGAII.LGSVLProblem
2022-06-07 15:24:30,312 [MainThread  ] [INFO ]  Output file (function values): FUN.NSGAII.LGSVLProblem
2022-06-07 15:24:30,313 [MainThread  ] [INFO ]  Output file (variables): VAR.NSGAII.LGSVLProblem
2022-06-08 10:09:05,000 [MainThread  ] [INFO ]  Output file (function values): FUN.NSGAII.LGSVLProblem
2022-06-08 10:09:05,001 [MainThread  ] [INFO ]  Output file (variables): VAR.NSGAII.LGSVLProblem
2022-06-08 10:51:18,679 [MainThread  ] [INFO ]  Output file (function values): FUN.NSGAII.LGSVLProblem
2022-06-08 10:51:18,680 [MainThread  ] [INFO ]  Output file (variables): VAR.NSGAII.LGSVLProblem
2022-06-08 13:49:04,266 [MainThread  ] [INFO ]  Output file (function values): FUN.NSGAII.LGSVLProblem
2022-06-08 13:49:04,267 [MainThread  ] [INFO ]  Output file (variables): VAR.NSGAII.LGSVLProblem
2022-06-08 14:25:24,034 [MainThread  ] [INFO ]  Output file (function values): FUN.NSGAII.LGSVLProblem
2022-06-08 14:25:24,035 [MainThread  ] [INFO ]  Output file (variables): VAR.NSGAII.LGSVLProblem
2022-06-08 21:29:54,263 [MainThread  ] [INFO ]  Output file (function values): FUN.NSGAII.LGSVLProblem
2022-06-08 21:29:54,264 [MainThread  ] [INFO ]  Output file (variables): VAR.NSGAII.LGSVLProblem
2022-06-09 00:41:49,689 [MainThread  ] [INFO ]  Output file (function values): FUN.NSGAII.LGSVLProblem
2022-06-09 00:41:49,690 [MainThread  ] [INFO ]  Output file (variables): VAR.NSGAII.LGSVLProblem
2022-06-09 13:35:01,050 [MainThread  ] [INFO ]  Output file (function values): FUN.NSGAII.LGSVLProblem
2022-06-09 13:35:01,051 [MainThread  ] [INFO ]  Output file (variables): VAR.NSGAII.LGSVLProblem
2022-06-09 14:56:22,643 [MainThread  ] [INFO ]  Output file (function values): FUN.NSGAII.LGSVLProblem
2022-06-09 14:56:22,644 [MainThread  ] [INFO ]  Output file (variables): VAR.NSGAII.LGSVLProblem
2022-06-09 16:34:09,164 [MainThread  ] [INFO ]  Output file (function values): FUN.NSGAII.LGSVLProblem
2022-06-09 16:34:09,165 [MainThread  ] [INFO ]  Output file (variables): VAR.NSGAII.LGSVLProblem
2022-06-09 17:30:36,012 [MainThread  ] [INFO ]  Output file (function values): FUN.NSGAII.LGSVLProblem
2022-06-09 17:30:36,012 [MainThread  ] [INFO ]  Output file (variables): VAR.NSGAII.LGSVLProblem
2022-06-10 09:15:18,894 [MainThread  ] [INFO ]  Output file (function values): FUN.NSGAII.LGSVLProblem
2022-06-10 09:15:18,896 [MainThread  ] [INFO ]  Output file (variables): VAR.NSGAII.LGSVLProblem
2022-06-10 11:28:44,887 [MainThread  ] [INFO ]  Output file (function values): FUN.NSGAII.LGSVLProblem
2022-06-10 11:28:44,888 [MainThread  ] [INFO ]  Output file (variables): VAR.NSGAII.LGSVLProblem
2022-06-10 13:15:49,121 [MainThread  ] [INFO ]  Output file (function values): FUN.NSGAII.LGSVLProblem
2022-06-10 13:15:49,122 [MainThread  ] [INFO ]  Output file (variables): VAR.NSGAII.LGSVLProblem
2022-06-10 21:05:10,976 [MainThread  ] [INFO ]  Output file (function values): FUN.NSGAII.LGSVLProblem
2022-06-10 21:05:10,977 [MainThread  ] [INFO ]  Output file (variables): VAR.NSGAII.LGSVLProblem
2022-06-10 21:41:40,525 [MainThread  ] [INFO ]  Output file (function values): FUN.NSGAII.LGSVLProblem
2022-06-10 21:41:40,526 [MainThread  ] [INFO ]  Output file (variables): VAR.NSGAII.LGSVLProblem
2022-06-11 04:19:07,748 [MainThread  ] [INFO ]  Output file (function values): FUN.NSGAII.LGSVLProblem
2022-06-11 04:19:07,750 [MainThread  ] [INFO ]  Output file (variables): VAR.NSGAII.LGSVLProblem
2022-06-11 10:51:15,805 [MainThread  ] [INFO ]  Output file (function values): FUN.NSGAII.LGSVLProblem
2022-06-11 10:51:15,806 [MainThread  ] [INFO ]  Output file (variables): VAR.NSGAII.LGSVLProblem
2022-06-11 21:22:42,559 [MainThread  ] [INFO ]  Output file (function values): FUN.NSGAII.LGSVLProblem
2022-06-11 21:22:42,560 [MainThread  ] [INFO ]  Output file (variables): VAR.NSGAII.LGSVLProblem
2022-06-11 21:34:33,583 [MainThread  ] [INFO ]  Output file (function values): FUN.NSGAII.LGSVLProblem
2022-06-11 21:34:33,584 [MainThread  ] [INFO ]  Output file (variables): VAR.NSGAII.LGSVLProblem
2022-06-12 00:21:13,358 [MainThread  ] [INFO ]  Output file (function values): FUN.NSGAII.LGSVLProblem
2022-06-12 00:21:13,359 [MainThread  ] [INFO ]  Output file (variables): VAR.NSGAII.LGSVLProblem
2022-06-12 16:53:45,948 [MainThread  ] [INFO ]  Output file (function values): FUN.NSGAII.LGSVLProblem
2022-06-12 16:53:45,949 [MainThread  ] [INFO ]  Output file (variables): VAR.NSGAII.LGSVLProblem
2022-06-13 07:16:37,605 [MainThread  ] [INFO ]  Output file (function values): FUN.NSGAII.LGSVLProblem
2022-06-13 07:16:37,606 [MainThread  ] [INFO ]  Output file (variables): VAR.NSGAII.LGSVLProblem
2022-06-13 08:12:07,625 [MainThread  ] [INFO ]  Output file (function values): FUN.NSGAII.LGSVLProblem
2022-06-13 08:12:07,626 [MainThread  ] [INFO ]  Output file (variables): VAR.NSGAII.LGSVLProblem
2022-06-13 10:35:16,673 [MainThread  ] [INFO ]  Output file (function values): FUN.NSGAII.LGSVLProblem
2022-06-13 10:35:16,674 [MainThread  ] [INFO ]  Output file (variables): VAR.NSGAII.LGSVLProblem
2022-06-14 00:12:14,643 [MainThread  ] [INFO ]  Output file (function values): FUN.NSGAII.LGSVLProblem
2022-06-14 00:12:14,644 [MainThread  ] [INFO ]  Output file (variables): VAR.NSGAII.LGSVLProblem
2022-06-14 19:33:51,286 [MainThread  ] [INFO ]  Output file (function values): FUN.Random Search.LGSVLProblem
2022-06-14 19:33:51,287 [MainThread  ] [INFO ]  Output file (variables): VAR.Random Search.LGSVLProblem
2022-06-14 23:23:37,130 [MainThread  ] [INFO ]  Output file (function values): FUN.Random Search.LGSVLProblem
2022-06-14 23:23:37,131 [MainThread  ] [INFO ]  Output file (variables): VAR.Random Search.LGSVLProblem
2022-06-15 06:36:45,370 [MainThread  ] [INFO ]  Output file (function values): FUN.Random Search.LGSVLProblem
2022-06-15 06:36:45,371 [MainThread  ] [INFO ]  Output file (variables): VAR.Random Search.LGSVLProblem
2022-06-15 13:08:31,165 [MainThread  ] [INFO ]  Output file (function values): FUN.Random Search.LGSVLProblem
2022-06-15 13:08:31,166 [MainThread  ] [INFO ]  Output file (variables): VAR.Random Search.LGSVLProblem
2022-06-15 17:55:21,099 [MainThread  ] [INFO ]  Output file (function values): FUN.Random Search.LGSVLProblem
2022-06-15 17:55:21,100 [MainThread  ] [INFO ]  Output file (variables): VAR.Random Search.LGSVLProblem
2022-06-16 05:08:38,195 [MainThread  ] [INFO ]  Output file (function values): FUN.Random Search.LGSVLProblem
2022-06-16 05:08:38,197 [MainThread  ] [INFO ]  Output file (variables): VAR.Random Search.LGSVLProblem
2022-06-16 14:34:50,352 [MainThread  ] [INFO ]  Output file (function values): FUN.Random Search.LGSVLProblem
2022-06-16 14:34:50,353 [MainThread  ] [INFO ]  Output file (variables): VAR.Random Search.LGSVLProblem
2022-06-16 22:04:27,198 [MainThread  ] [INFO ]  Output file (function values): FUN.Random Search.LGSVLProblem
2022-06-16 22:04:27,199 [MainThread  ] [INFO ]  Output file (variables): VAR.Random Search.LGSVLProblem
2022-06-17 13:02:57,666 [MainThread  ] [INFO ]  Output file (function values): FUN.Random Search.LGSVLProblem
2022-06-17 13:02:57,667 [MainThread  ] [INFO ]  Output file (variables): VAR.Random Search.LGSVLProblem
2022-06-17 16:48:11,311 [MainThread  ] [INFO ]  Output file (function values): FUN.Random Search.LGSVLProblem
2022-06-17 16:48:11,312 [MainThread  ] [INFO ]  Output file (variables): VAR.Random Search.LGSVLProblem
2022-06-18 04:26:20,791 [MainThread  ] [INFO ]  Output file (function values): FUN.Random Search.LGSVLProblem
2022-06-18 04:26:20,792 [MainThread  ] [INFO ]  Output file (variables): VAR.Random Search.LGSVLProblem
2022-06-18 13:39:52,030 [MainThread  ] [INFO ]  Output file (function values): FUN.Random Search.LGSVLProblem
2022-06-18 13:39:52,031 [MainThread  ] [INFO ]  Output file (variables): VAR.Random Search.LGSVLProblem
2022-06-18 19:25:01,809 [MainThread  ] [INFO ]  Output file (function values): FUN.Random Search.LGSVLProblem
2022-06-18 19:25:01,810 [MainThread  ] [INFO ]  Output file (variables): VAR.Random Search.LGSVLProblem
2022-06-18 20:12:19,586 [MainThread  ] [INFO ]  Output file (function values): FUN.Random Search.LGSVLProblem
2022-06-18 20:12:19,587 [MainThread  ] [INFO ]  Output file (variables): VAR.Random Search.LGSVLProblem
2022-06-19 10:39:52,873 [MainThread  ] [INFO ]  Output file (function values): FUN.Random Search.LGSVLProblem
2022-06-19 10:39:52,874 [MainThread  ] [INFO ]  Output file (variables): VAR.Random Search.LGSVLProblem
2022-06-19 15:05:14,292 [MainThread  ] [INFO ]  Output file (function values): FUN.Random Search.LGSVLProblem
2022-06-19 15:05:14,293 [MainThread  ] [INFO ]  Output file (variables): VAR.Random Search.LGSVLProblem
2022-06-19 16:44:02,655 [MainThread  ] [INFO ]  Output file (function values): FUN.Random Search.LGSVLProblem
2022-06-19 16:44:02,656 [MainThread  ] [INFO ]  Output file (variables): VAR.Random Search.LGSVLProblem
2022-06-19 22:15:43,809 [MainThread  ] [INFO ]  Output file (function values): FUN.Random Search.LGSVLProblem
2022-06-19 22:15:43,810 [MainThread  ] [INFO ]  Output file (variables): VAR.Random Search.LGSVLProblem
2022-06-20 01:58:31,426 [MainThread  ] [INFO ]  Output file (function values): FUN.Random Search.LGSVLProblem
2022-06-20 01:58:31,427 [MainThread  ] [INFO ]  Output file (variables): VAR.Random Search.LGSVLProblem
2022-06-20 10:10:52,320 [MainThread  ] [INFO ]  Output file (function values): FUN.Random Search.LGSVLProblem
2022-06-20 10:10:52,321 [MainThread  ] [INFO ]  Output file (variables): VAR.Random Search.LGSVLProblem
2022-06-20 10:15:57,647 [MainThread  ] [INFO ]  Output file (function values): FUN.NSGAII.LGSVLProblem
2022-06-20 10:15:57,648 [MainThread  ] [INFO ]  Output file (variables): VAR.NSGAII.LGSVLProblem
2022-06-21 00:46:30,181 [MainThread  ] [INFO ]  Output file (function values): FUN.NSGAII.LGSVLProblem
2022-06-21 00:46:30,182 [MainThread  ] [INFO ]  Output file (variables): VAR.NSGAII.LGSVLProblem
2022-06-21 15:18:09,062 [MainThread  ] [INFO ]  Output file (function values): FUN.NSGAII.LGSVLProblem
2022-06-21 15:18:09,063 [MainThread  ] [INFO ]  Output file (variables): VAR.NSGAII.LGSVLProblem
2022-06-21 15:41:59,721 [MainThread  ] [INFO ]  Output file (function values): FUN.NSGAII.LGSVLProblem
2022-06-21 15:41:59,722 [MainThread  ] [INFO ]  Output file (variables): VAR.NSGAII.LGSVLProblem
2022-06-21 16:09:53,248 [MainThread  ] [INFO ]  Output file (function values): FUN.NSGAII.LGSVLProblem
2022-06-21 16:09:53,250 [MainThread  ] [INFO ]  Output file (variables): VAR.NSGAII.LGSVLProblem
2022-06-21 16:45:13,771 [MainThread  ] [INFO ]  Output file (function values): FUN.NSGAII.LGSVLProblem
2022-06-21 16:45:13,772 [MainThread  ] [INFO ]  Output file (variables): VAR.NSGAII.LGSVLProblem
2022-06-22 07:08:05,084 [MainThread  ] [INFO ]  Output file (function values): FUN.NSGAII.LGSVLProblem
2022-06-22 07:08:05,085 [MainThread  ] [INFO ]  Output file (variables): VAR.NSGAII.LGSVLProblem
2022-06-22 07:22:10,403 [MainThread  ] [INFO ]  Output file (function values): FUN.Random Search.LGSVLProblem
2022-06-22 07:22:10,404 [MainThread  ] [INFO ]  Output file (variables): VAR.Random Search.LGSVLProblem
2022-06-22 13:53:55,833 [MainThread  ] [INFO ]  Output file (function values): FUN.Random Search.LGSVLProblem
2022-06-22 13:53:55,834 [MainThread  ] [INFO ]  Output file (variables): VAR.Random Search.LGSVLProblem
2022-06-22 15:25:38,455 [MainThread  ] [INFO ]  Output file (function values): FUN.Random Search.LGSVLProblem
2022-06-22 15:25:38,456 [MainThread  ] [INFO ]  Output file (variables): VAR.Random Search.LGSVLProblem
2022-06-26 18:09:39,151 [MainThread  ] [INFO ]  Output file (function values): FUN.Random Search.LGSVLProblem
2022-06-26 18:09:39,152 [MainThread  ] [INFO ]  Output file (variables): VAR.Random Search.LGSVLProblem
2022-06-27 06:13:38,004 [MainThread  ] [INFO ]  Output file (function values): FUN.Random Search.LGSVLProblem
2022-06-27 06:13:38,005 [MainThread  ] [INFO ]  Output file (variables): VAR.Random Search.LGSVLProblem
2022-06-27 16:13:18,700 [MainThread  ] [INFO ]  Output file (function values): FUN.Random Search.LGSVLProblem
2022-06-27 16:13:18,701 [MainThread  ] [INFO ]  Output file (variables): VAR.Random Search.LGSVLProblem
2022-06-27 20:55:38,777 [MainThread  ] [INFO ]  Output file (function values): FUN.Random Search.LGSVLProblem
2022-06-27 20:55:38,778 [MainThread  ] [INFO ]  Output file (variables): VAR.Random Search.LGSVLProblem
2022-06-28 12:43:34,670 [MainThread  ] [INFO ]  Output file (function values): FUN.Random Search.LGSVLProblem
2022-06-28 12:43:34,671 [MainThread  ] [INFO ]  Output file (variables): VAR.Random Search.LGSVLProblem
2022-06-28 16:10:57,478 [MainThread  ] [INFO ]  Output file (function values): FUN.Random Search.LGSVLProblem
2022-06-28 16:10:57,479 [MainThread  ] [INFO ]  Output file (variables): VAR.Random Search.LGSVLProblem
2022-06-29 03:22:10,337 [MainThread  ] [INFO ]  Output file (function values): FUN.Random Search.LGSVLProblem
2022-06-29 03:22:10,338 [MainThread  ] [INFO ]  Output file (variables): VAR.Random Search.LGSVLProblem
2022-06-29 18:15:48,743 [MainThread  ] [INFO ]  Output file (function values): FUN.Random Search.LGSVLProblem
2022-06-29 18:15:48,744 [MainThread  ] [INFO ]  Output file (variables): VAR.Random Search.LGSVLProblem
2022-06-29 21:03:27,889 [MainThread  ] [INFO ]  Output file (function values): FUN.Random Search.LGSVLProblem
2022-06-29 21:03:27,890 [MainThread  ] [INFO ]  Output file (variables): VAR.Random Search.LGSVLProblem
2022-06-30 14:18:33,416 [MainThread  ] [INFO ]  Output file (function values): FUN.Random Search.LGSVLProblem
2022-06-30 14:18:33,417 [MainThread  ] [INFO ]  Output file (variables): VAR.Random Search.LGSVLProblem
2022-07-01 07:53:30,627 [MainThread  ] [INFO ]  Output file (function values): FUN.Random Search.LGSVLProblem
2022-07-01 07:53:30,628 [MainThread  ] [INFO ]  Output file (variables): VAR.Random Search.LGSVLProblem
2022-07-01 08:10:24,457 [MainThread  ] [INFO ]  Output file (function values): FUN.Random Search.LGSVLProblem
2022-07-01 08:10:24,458 [MainThread  ] [INFO ]  Output file (variables): VAR.Random Search.LGSVLProblem
2022-07-01 23:59:28,219 [MainThread  ] [INFO ]  Output file (function values): FUN.Random Search.LGSVLProblem
2022-07-01 23:59:28,220 [MainThread  ] [INFO ]  Output file (variables): VAR.Random Search.LGSVLProblem
2022-07-02 01:34:38,364 [MainThread  ] [INFO ]  Output file (function values): FUN.Random Search.LGSVLProblem
2022-07-02 01:34:38,365 [MainThread  ] [INFO ]  Output file (variables): VAR.Random Search.LGSVLProblem
2022-07-02 12:15:25,196 [MainThread  ] [INFO ]  Output file (function values): FUN.Random Search.LGSVLProblem
2022-07-02 12:15:25,197 [MainThread  ] [INFO ]  Output file (variables): VAR.Random Search.LGSVLProblem
2022-07-02 13:21:37,126 [MainThread  ] [INFO ]  Output file (function values): FUN.Random Search.LGSVLProblem
2022-07-02 13:21:37,127 [MainThread  ] [INFO ]  Output file (variables): VAR.Random Search.LGSVLProblem
2022-07-02 19:54:03,001 [MainThread  ] [INFO ]  Output file (function values): FUN.Random Search.LGSVLProblem
2022-07-02 19:54:03,002 [MainThread  ] [INFO ]  Output file (variables): VAR.Random Search.LGSVLProblem
2022-07-03 10:56:24,973 [MainThread  ] [INFO ]  Output file (function values): FUN.Random Search.LGSVLProblem
2022-07-03 10:56:24,974 [MainThread  ] [INFO ]  Output file (variables): VAR.Random Search.LGSVLProblem
2022-07-04 04:19:19,933 [MainThread  ] [INFO ]  Output file (function values): FUN.NSGAII.LGSVLProblem
2022-07-04 04:19:19,934 [MainThread  ] [INFO ]  Output file (variables): VAR.NSGAII.LGSVLProblem
2022-07-04 18:51:35,770 [MainThread  ] [INFO ]  Output file (function values): FUN.NSGAII.LGSVLProblem
2022-07-04 18:51:35,771 [MainThread  ] [INFO ]  Output file (variables): VAR.NSGAII.LGSVLProblem
2022-07-04 22:21:33,456 [MainThread  ] [INFO ]  Output file (function values): FUN.NSGAII.LGSVLProblem
2022-07-04 22:21:33,457 [MainThread  ] [INFO ]  Output file (variables): VAR.NSGAII.LGSVLProblem
2022-07-05 13:18:07,480 [MainThread  ] [INFO ]  Output file (function values): FUN.NSGAII.LGSVLProblem
2022-07-05 13:18:07,481 [MainThread  ] [INFO ]  Output file (variables): VAR.NSGAII.LGSVLProblem
2022-07-05 13:27:30,778 [MainThread  ] [INFO ]  Output file (function values): FUN.NSGAII.LGSVLProblem
2022-07-05 13:27:30,779 [MainThread  ] [INFO ]  Output file (variables): VAR.NSGAII.LGSVLProblem
2022-07-05 22:22:08,130 [MainThread  ] [INFO ]  Output file (function values): FUN.NSGAII.LGSVLProblem
2022-07-05 22:22:08,131 [MainThread  ] [INFO ]  Output file (variables): VAR.NSGAII.LGSVLProblem
2022-07-06 05:29:37,898 [MainThread  ] [INFO ]  Output file (function values): FUN.NSGAII.LGSVLProblem
2022-07-06 05:29:37,899 [MainThread  ] [INFO ]  Output file (variables): VAR.NSGAII.LGSVLProblem
2022-07-06 05:41:34,166 [MainThread  ] [INFO ]  Output file (function values): FUN.NSGAII.LGSVLProblem
2022-07-06 05:41:34,167 [MainThread  ] [INFO ]  Output file (variables): VAR.NSGAII.LGSVLProblem
2022-07-06 22:01:17,238 [MainThread  ] [INFO ]  Output file (function values): FUN.NSGAII.LGSVLProblem
2022-07-06 22:01:17,239 [MainThread  ] [INFO ]  Output file (variables): VAR.NSGAII.LGSVLProblem
2022-07-07 12:14:20,654 [MainThread  ] [INFO ]  Output file (function values): FUN.NSGAII.LGSVLProblem
2022-07-07 12:14:20,655 [MainThread  ] [INFO ]  Output file (variables): VAR.NSGAII.LGSVLProblem
2022-07-08 02:46:36,378 [MainThread  ] [INFO ]  Output file (function values): FUN.NSGAII.LGSVLProblem
2022-07-08 02:46:36,379 [MainThread  ] [INFO ]  Output file (variables): VAR.NSGAII.LGSVLProblem
2022-07-08 03:02:12,899 [MainThread  ] [INFO ]  Output file (function values): FUN.NSGAII.LGSVLProblem
2022-07-08 03:02:12,900 [MainThread  ] [INFO ]  Output file (variables): VAR.NSGAII.LGSVLProblem
2022-07-08 17:16:53,326 [MainThread  ] [INFO ]  Output file (function values): FUN.NSGAII.LGSVLProblem
2022-07-08 17:16:53,327 [MainThread  ] [INFO ]  Output file (variables): VAR.NSGAII.LGSVLProblem
2022-07-09 07:43:02,349 [MainThread  ] [INFO ]  Output file (function values): FUN.NSGAII.LGSVLProblem
2022-07-09 07:43:02,350 [MainThread  ] [INFO ]  Output file (variables): VAR.NSGAII.LGSVLProblem
2022-07-09 18:08:43,108 [MainThread  ] [INFO ]  Output file (function values): FUN.NSGAII.LGSVLProblem
2022-07-09 18:08:43,109 [MainThread  ] [INFO ]  Output file (variables): VAR.NSGAII.LGSVLProblem
2022-07-09 19:56:42,856 [MainThread  ] [INFO ]  Output file (function values): FUN.NSGAII.LGSVLProblem
2022-07-09 19:56:42,856 [MainThread  ] [INFO ]  Output file (variables): VAR.NSGAII.LGSVLProblem
2022-07-09 20:34:58,259 [MainThread  ] [INFO ]  Output file (function values): FUN.NSGAII.LGSVLProblem
2022-07-09 20:34:58,260 [MainThread  ] [INFO ]  Output file (variables): VAR.NSGAII.LGSVLProblem
2022-07-09 20:47:12,800 [MainThread  ] [INFO ]  Output file (function values): FUN.NSGAII.LGSVLProblem
2022-07-09 20:47:12,800 [MainThread  ] [INFO ]  Output file (variables): VAR.NSGAII.LGSVLProblem
2022-07-09 22:29:38,005 [MainThread  ] [INFO ]  Output file (function values): FUN.NSGAII.LGSVLProblem
2022-07-09 22:29:38,006 [MainThread  ] [INFO ]  Output file (variables): VAR.NSGAII.LGSVLProblem
2022-07-10 02:26:26,036 [MainThread  ] [INFO ]  Output file (function values): FUN.NSGAII.LGSVLProblem
2022-07-10 02:26:26,037 [MainThread  ] [INFO ]  Output file (variables): VAR.NSGAII.LGSVLProblem
2022-07-10 03:25:47,370 [MainThread  ] [INFO ]  Output file (function values): FUN.NSGAII.LGSVLProblem
2022-07-10 03:25:47,371 [MainThread  ] [INFO ]  Output file (variables): VAR.NSGAII.LGSVLProblem
2022-07-10 18:51:32,374 [MainThread  ] [INFO ]  Output file (function values): FUN.NSGAII.LGSVLProblem
2022-07-10 18:51:32,375 [MainThread  ] [INFO ]  Output file (variables): VAR.NSGAII.LGSVLProblem
2022-07-10 20:06:24,023 [MainThread  ] [INFO ]  Output file (function values): FUN.NSGAII.LGSVLProblem
2022-07-10 20:06:24,024 [MainThread  ] [INFO ]  Output file (variables): VAR.NSGAII.LGSVLProblem
2022-07-10 20:43:01,108 [MainThread  ] [INFO ]  Output file (function values): FUN.NSGAII.LGSVLProblem
2022-07-10 20:43:01,108 [MainThread  ] [INFO ]  Output file (variables): VAR.NSGAII.LGSVLProblem
2022-07-10 22:13:26,428 [MainThread  ] [INFO ]  Output file (function values): FUN.NSGAII.LGSVLProblem
2022-07-10 22:13:26,429 [MainThread  ] [INFO ]  Output file (variables): VAR.NSGAII.LGSVLProblem
2022-07-12 06:07:34,661 [MainThread  ] [INFO ]  Output file (function values): FUN.NSGAII.LGSVLProblem
2022-07-12 06:07:34,662 [MainThread  ] [INFO ]  Output file (variables): VAR.NSGAII.LGSVLProblem
2022-07-12 07:57:18,043 [MainThread  ] [INFO ]  Output file (function values): FUN.NSGAII.LGSVLProblem
2022-07-12 07:57:18,045 [MainThread  ] [INFO ]  Output file (variables): VAR.NSGAII.LGSVLProblem
2022-07-12 08:02:06,543 [MainThread  ] [INFO ]  Output file (function values): FUN.NSGAII.LGSVLProblem
2022-07-12 08:02:06,544 [MainThread  ] [INFO ]  Output file (variables): VAR.NSGAII.LGSVLProblem
2022-07-12 09:20:44,797 [MainThread  ] [INFO ]  Output file (function values): FUN.NSGAII.LGSVLProblem
2022-07-12 09:20:44,798 [MainThread  ] [INFO ]  Output file (variables): VAR.NSGAII.LGSVLProblem
2022-07-12 09:37:47,026 [MainThread  ] [INFO ]  Output file (function values): FUN.NSGAII.LGSVLProblem
2022-07-12 09:37:47,027 [MainThread  ] [INFO ]  Output file (variables): VAR.NSGAII.LGSVLProblem
2022-07-12 09:59:17,797 [MainThread  ] [INFO ]  Output file (function values): FUN.NSGAII.LGSVLProblem
2022-07-12 09:59:17,798 [MainThread  ] [INFO ]  Output file (variables): VAR.NSGAII.LGSVLProblem
2022-07-12 11:27:22,472 [MainThread  ] [INFO ]  Output file (function values): FUN.NSGAII.LGSVLProblem
2022-07-12 11:27:22,473 [MainThread  ] [INFO ]  Output file (variables): VAR.NSGAII.LGSVLProblem
2022-07-12 13:28:15,917 [MainThread  ] [INFO ]  Output file (function values): FUN.NSGAII.LGSVLProblem
2022-07-12 13:28:15,918 [MainThread  ] [INFO ]  Output file (variables): VAR.NSGAII.LGSVLProblem
2022-07-12 14:10:10,474 [MainThread  ] [INFO ]  Output file (function values): FUN.NSGAII.LGSVLProblem
2022-07-12 14:10:10,475 [MainThread  ] [INFO ]  Output file (variables): VAR.NSGAII.LGSVLProblem
2022-07-13 01:19:25,351 [MainThread  ] [INFO ]  Output file (function values): FUN.NSGAII.LGSVLProblem
2022-07-13 01:19:25,353 [MainThread  ] [INFO ]  Output file (variables): VAR.NSGAII.LGSVLProblem
2022-07-13 15:06:30,204 [MainThread  ] [INFO ]  Output file (function values): FUN.NSGAII.LGSVLProblem
2022-07-13 15:06:30,205 [MainThread  ] [INFO ]  Output file (variables): VAR.NSGAII.LGSVLProblem
2022-07-13 16:15:06,519 [MainThread  ] [INFO ]  Output file (function values): FUN.NSGAII.LGSVLProblem
2022-07-13 16:15:06,520 [MainThread  ] [INFO ]  Output file (variables): VAR.NSGAII.LGSVLProblem
2022-07-13 17:58:59,689 [MainThread  ] [INFO ]  Output file (function values): FUN.NSGAII.LGSVLProblem
2022-07-13 17:58:59,690 [MainThread  ] [INFO ]  Output file (variables): VAR.NSGAII.LGSVLProblem
2022-07-14 08:32:07,658 [MainThread  ] [INFO ]  Output file (function values): FUN.NSGAII.LGSVLProblem
2022-07-14 08:32:07,659 [MainThread  ] [INFO ]  Output file (variables): VAR.NSGAII.LGSVLProblem
2022-07-14 09:55:21,634 [MainThread  ] [INFO ]  Output file (function values): FUN.NSGAII.LGSVLProblem
2022-07-14 09:55:21,635 [MainThread  ] [INFO ]  Output file (variables): VAR.NSGAII.LGSVLProblem
2022-07-14 11:12:21,954 [MainThread  ] [INFO ]  Output file (function values): FUN.NSGAII.LGSVLProblem
2022-07-14 11:12:21,955 [MainThread  ] [INFO ]  Output file (variables): VAR.NSGAII.LGSVLProblem
2022-07-14 13:05:02,217 [MainThread  ] [INFO ]  Output file (function values): FUN.NSGAII.LGSVLProblem
2022-07-14 13:05:02,218 [MainThread  ] [INFO ]  Output file (variables): VAR.NSGAII.LGSVLProblem
2022-07-14 14:09:27,219 [MainThread  ] [INFO ]  Output file (function values): FUN.NSGAII.LGSVLProblem
2022-07-14 14:09:27,220 [MainThread  ] [INFO ]  Output file (variables): VAR.NSGAII.LGSVLProblem
2022-07-14 16:47:15,502 [MainThread  ] [INFO ]  Output file (function values): FUN.NSGAII.LGSVLProblem
2022-07-14 16:47:15,503 [MainThread  ] [INFO ]  Output file (variables): VAR.NSGAII.LGSVLProblem
2022-07-15 03:10:17,111 [MainThread  ] [INFO ]  Output file (function values): FUN.NSGAII.LGSVLProblem
2022-07-15 03:10:17,112 [MainThread  ] [INFO ]  Output file (variables): VAR.NSGAII.LGSVLProblem
2022-07-15 13:40:38,951 [MainThread  ] [INFO ]  Output file (function values): FUN.NSGAII.LGSVLProblem
2022-07-15 13:40:38,952 [MainThread  ] [INFO ]  Output file (variables): VAR.NSGAII.LGSVLProblem
2022-07-15 16:42:40,715 [MainThread  ] [INFO ]  Output file (function values): FUN.NSGAII.LGSVLProblem
2022-07-15 16:42:40,716 [MainThread  ] [INFO ]  Output file (variables): VAR.NSGAII.LGSVLProblem
2022-07-15 17:18:17,202 [MainThread  ] [INFO ]  Output file (function values): FUN.NSGAII.LGSVLProblem
2022-07-15 17:18:17,203 [MainThread  ] [INFO ]  Output file (variables): VAR.NSGAII.LGSVLProblem
2022-07-15 19:50:58,805 [MainThread  ] [INFO ]  Output file (function values): FUN.NSGAII.LGSVLProblem
2022-07-15 19:50:58,806 [MainThread  ] [INFO ]  Output file (variables): VAR.NSGAII.LGSVLProblem
2022-07-16 00:20:55,651 [MainThread  ] [INFO ]  Output file (function values): FUN.NSGAII.LGSVLProblem
2022-07-16 00:20:55,652 [MainThread  ] [INFO ]  Output file (variables): VAR.NSGAII.LGSVLProblem
2022-07-16 10:30:27,146 [MainThread  ] [INFO ]  Output file (function values): FUN.NSGAII.LGSVLProblem
2022-07-16 10:30:27,147 [MainThread  ] [INFO ]  Output file (variables): VAR.NSGAII.LGSVLProblem
2022-07-16 12:27:02,218 [MainThread  ] [INFO ]  Output file (function values): FUN.NSGAII.LGSVLProblem
2022-07-16 12:27:02,218 [MainThread  ] [INFO ]  Output file (variables): VAR.NSGAII.LGSVLProblem
2022-07-17 02:16:43,429 [MainThread  ] [INFO ]  Output file (function values): FUN.NSGAII.LGSVLProblem
2022-07-17 02:16:43,430 [MainThread  ] [INFO ]  Output file (variables): VAR.NSGAII.LGSVLProblem
2022-07-17 10:19:56,549 [MainThread  ] [INFO ]  Output file (function values): FUN.NSGAII.LGSVLProblem
2022-07-17 10:19:56,550 [MainThread  ] [INFO ]  Output file (variables): VAR.NSGAII.LGSVLProblem
2022-07-17 10:47:32,933 [MainThread  ] [INFO ]  Output file (function values): FUN.NSGAII.LGSVLProblem
2022-07-17 10:47:32,934 [MainThread  ] [INFO ]  Output file (variables): VAR.NSGAII.LGSVLProblem
2022-07-17 16:59:21,294 [MainThread  ] [INFO ]  Output file (function values): FUN.NSGAII.LGSVLProblem
2022-07-17 16:59:21,295 [MainThread  ] [INFO ]  Output file (variables): VAR.NSGAII.LGSVLProblem
2022-07-17 17:46:52,791 [MainThread  ] [INFO ]  Output file (function values): FUN.NSGAII.LGSVLProblem
2022-07-17 17:46:52,792 [MainThread  ] [INFO ]  Output file (variables): VAR.NSGAII.LGSVLProblem
2022-07-18 11:42:26,905 [MainThread  ] [INFO ]  Output file (function values): FUN.NSGAII.LGSVLProblem
2022-07-18 11:42:26,907 [MainThread  ] [INFO ]  Output file (variables): VAR.NSGAII.LGSVLProblem
2022-07-18 14:15:12,331 [MainThread  ] [INFO ]  Output file (function values): FUN.NSGAII.LGSVLProblem
2022-07-18 14:15:12,331 [MainThread  ] [INFO ]  Output file (variables): VAR.NSGAII.LGSVLProblem
2022-07-19 04:42:59,355 [MainThread  ] [INFO ]  Output file (function values): FUN.NSGAII.LGSVLProblem
2022-07-19 04:42:59,356 [MainThread  ] [INFO ]  Output file (variables): VAR.NSGAII.LGSVLProblem
2022-07-21 01:01:30,668 [MainThread  ] [INFO ]  Output file (function values): FUN.NSGAII.LGSVLProblem
2022-07-21 01:01:30,669 [MainThread  ] [INFO ]  Output file (variables): VAR.NSGAII.LGSVLProblem
2022-07-21 15:22:34,822 [MainThread  ] [INFO ]  Output file (function values): FUN.NSGAII.LGSVLProblem
2022-07-21 15:22:34,823 [MainThread  ] [INFO ]  Output file (variables): VAR.NSGAII.LGSVLProblem
2022-07-22 06:31:12,426 [MainThread  ] [INFO ]  Output file (function values): FUN.NSGAII.LGSVLProblem
2022-07-22 06:31:12,427 [MainThread  ] [INFO ]  Output file (variables): VAR.NSGAII.LGSVLProblem
2022-07-22 09:27:15,066 [MainThread  ] [INFO ]  Output file (function values): FUN.Random Search.LGSVLProblem
2022-07-22 09:27:15,067 [MainThread  ] [INFO ]  Output file (variables): VAR.Random Search.LGSVLProblem
2022-07-22 11:29:55,360 [MainThread  ] [INFO ]  Output file (function values): FUN.Random Search.LGSVLProblem
2022-07-22 11:29:55,361 [MainThread  ] [INFO ]  Output file (variables): VAR.Random Search.LGSVLProblem
2022-07-22 11:43:19,497 [MainThread  ] [INFO ]  Output file (function values): FUN.Random Search.LGSVLProblem
2022-07-22 11:43:19,498 [MainThread  ] [INFO ]  Output file (variables): VAR.Random Search.LGSVLProblem
2022-07-22 12:21:27,285 [MainThread  ] [INFO ]  Output file (function values): FUN.Random Search.LGSVLProblem
2022-07-22 12:21:27,286 [MainThread  ] [INFO ]  Output file (variables): VAR.Random Search.LGSVLProblem
2022-07-22 14:49:04,302 [MainThread  ] [INFO ]  Output file (function values): FUN.Random Search.LGSVLProblem
2022-07-22 14:49:04,302 [MainThread  ] [INFO ]  Output file (variables): VAR.Random Search.LGSVLProblem
2022-07-22 15:52:08,305 [MainThread  ] [INFO ]  Output file (function values): FUN.Random Search.LGSVLProblem
2022-07-22 15:52:08,306 [MainThread  ] [INFO ]  Output file (variables): VAR.Random Search.LGSVLProblem
2022-07-22 16:27:10,660 [MainThread  ] [INFO ]  Output file (function values): FUN.Random Search.LGSVLProblem
2022-07-22 16:27:10,661 [MainThread  ] [INFO ]  Output file (variables): VAR.Random Search.LGSVLProblem
2022-07-22 18:10:12,151 [MainThread  ] [INFO ]  Output file (function values): FUN.Random Search.LGSVLProblem
2022-07-22 18:10:12,152 [MainThread  ] [INFO ]  Output file (variables): VAR.Random Search.LGSVLProblem
2022-07-23 04:05:18,017 [MainThread  ] [INFO ]  Output file (function values): FUN.Random Search.LGSVLProblem
2022-07-23 04:05:18,018 [MainThread  ] [INFO ]  Output file (variables): VAR.Random Search.LGSVLProblem
2022-07-23 06:58:24,360 [MainThread  ] [INFO ]  Output file (function values): FUN.Random Search.LGSVLProblem
2022-07-23 06:58:24,361 [MainThread  ] [INFO ]  Output file (variables): VAR.Random Search.LGSVLProblem
2022-07-23 21:04:25,253 [MainThread  ] [INFO ]  Output file (function values): FUN.Random Search.LGSVLProblem
2022-07-23 21:04:25,254 [MainThread  ] [INFO ]  Output file (variables): VAR.Random Search.LGSVLProblem
